<?xml version="1.0" encoding="UTF-8"?>
<!-- Generated by org.testng.reporters.JUnitXMLReporter -->
<testsuite hostname="DESKTOP-L0NDSU4" name="Default test" tests="7" failures="1" timestamp="16 Jan 2020 13:22:17 GMT" time="9.169" errors="0">
  <testcase name="assertSearchField" time="0.06" classname="com.trainings.maven.TestNG.TestNGExample1POM"/>
  <testcase name="assertWishListButton" time="0.041" classname="com.trainings.maven.TestNG.TestNGExample1POM"/>
  <testcase name="wishListNotNullText" time="0.024" classname="com.trainings.maven.TestNG.TestNGExample1POM"/>
  <testcase name="sendKeys" time="0.876" classname="com.trainings.maven.TestNG.TestNGExample1POM"/>
  <testcase name="assertDropdown" time="2.292" classname="com.trainings.maven.TestNG.TestNGExample1POM">
    <failure type="java.lang.AssertionError" message="Selected value is not Seychelles
Expected: is &amp;quot;Seychelles&amp;quot;
     but: was &amp;quot;Lithuania&amp;quot;">
      <![CDATA[java.lang.AssertionError: Selected value is not Seychelles
Expected: is "Seychelles"
     but: was "Lithuania"
	at org.hamcrest.MatcherAssert.assertThat(MatcherAssert.java:20)
	at com.trainings.maven.TestNG.TestNGExample1POM.assertDropdown(TestNGExample1POM.java:58)
	at sun.reflect.NativeMethodAccessorImpl.invoke0(Native Method)
	at sun.reflect.NativeMethodAccessorImpl.invoke(NativeMethodAccessorImpl.java:62)
	at sun.reflect.DelegatingMethodAccessorImpl.invoke(DelegatingMethodAccessorImpl.java:43)
	at java.lang.reflect.Method.invoke(Method.java:498)
	at org.testng.internal.MethodInvocationHelper.invokeMethod(MethodInvocationHelper.java:80)
	at org.testng.internal.Invoker.invokeMethod(Invoker.java:714)
	at org.testng.internal.Invoker.invokeTestMethod(Invoker.java:901)
	at org.testng.internal.Invoker.invokeTestMethods(Invoker.java:1231)
	at org.testng.internal.TestMethodWorker.invokeTestMethods(TestMethodWorker.java:127)
	at org.testng.internal.TestMethodWorker.run(TestMethodWorker.java:111)
	at org.testng.TestRunner.privateRun(TestRunner.java:767)
	at org.testng.TestRunner.run(TestRunner.java:617)
	at org.testng.SuiteRunner.runTest(SuiteRunner.java:334)
	at org.testng.SuiteRunner.runSequentially(SuiteRunner.java:329)
	at org.testng.SuiteRunner.privateRun(SuiteRunner.java:291)
	at org.testng.SuiteRunner.run(SuiteRunner.java:240)
	at org.testng.SuiteRunnerWorker.runSuite(SuiteRunnerWorker.java:52)
	at org.testng.SuiteRunnerWorker.run(SuiteRunnerWorker.java:86)
	at org.testng.TestNG.runSuitesSequentially(TestNG.java:1198)
	at org.testng.TestNG.runSuitesLocally(TestNG.java:1123)
	at org.testng.TestNG.run(TestNG.java:1031)
	at org.testng.remote.AbstractRemoteTestNG.run(AbstractRemoteTestNG.java:115)
	at org.testng.remote.RemoteTestNG.initAndRun(RemoteTestNG.java:251)
	at org.testng.remote.RemoteTestNG.main(RemoteTestNG.java:77)
]]>
    </failure>
  </testcase> <!-- assertDropdown -->
  <testcase name="assertAgreeCheckbox" time="0.528" classname="com.trainings.maven.TestNG.TestNGExample1POM"/>
  <testcase name="assertNullExample" time="0.001" classname="com.trainings.maven.TestNG.TestNGExample1POM"/>
</testsuite> <!-- Default test -->
