<?xml version="1.0" encoding="UTF-8"?>
<!-- Generated by org.testng.reporters.JUnitXMLReporter -->
<testsuite hostname="DESKTOP-L0NDSU4" name="Parameters" tests="2" failures="1" timestamp="16 Jan 2020 19:23:41 GMT" time="8.584" errors="0">
  <testcase name="createNewAccount" time="1.307" classname="com.trainings.maven.TestNG.SendTestNGParametersTestPOM"/>
  <testcase name="assertSelectedValueIsSeychelles" time="2.216" classname="com.trainings.maven.TestNG.SendTestNGParametersTestPOM">
    <failure type="java.lang.AssertionError" message="Selected value is not Seychelles
Expected: is &amp;quot;Seychelles&amp;quot;
     but: was &amp;quot;Lithuania&amp;quot;">
      <![CDATA[java.lang.AssertionError: Selected value is not Seychelles
Expected: is "Seychelles"
     but: was "Lithuania"
	at org.hamcrest.MatcherAssert.assertThat(MatcherAssert.java:20)
	at com.trainings.maven.TestNG.SendTestNGParametersTestPOM.assertSelectedValueIsSeychelles(SendTestNGParametersTestPOM.java:35)
... Removed 24 stack frames]]>
    </failure>
  </testcase> <!-- assertSelectedValueIsSeychelles -->
</testsuite> <!-- Parameters -->
